PLINK v2.00a3LM 64-bit Intel (26 Aug 2021)
Options in effect:
  --allow-extra-chr
  --freq counts
  --hardy midp
  --loop-cats SUPER
  --missing
  --out results/FINAL/SUPER/ALL_TNF
  --pheno iid-only results/REFERENCE/cluster_SUPER.txt
  --vcf results/FINAL/ALL_TNF.vcf.gz

Hostname: wonko7.bi.up.ac.za
Working directory: /nlustre/users/mryder/Pipeline_GnomAD_30062022
Start time: Thu Jul  7 12:25:42 2022

Random number seed: 1657189542
128658 MiB RAM detected; reserving 64329 MiB for main workspace.
Using up to 56 threads (change this with --threads).
--vcf: 98 variants scanned.
--vcf: results/FINAL/SUPER/ALL_TNF-temporary.pgen +
results/FINAL/SUPER/ALL_TNF-temporary.pvar.zst +
results/FINAL/SUPER/ALL_TNF-temporary.psam written.
755 samples (0 females, 0 males, 755 ambiguous; 755 founders) loaded from
results/FINAL/SUPER/ALL_TNF-temporary.psam.
98 variants loaded from results/FINAL/SUPER/ALL_TNF-temporary.pvar.zst.
1 categorical phenotype loaded (755 values).
Calculating sample missingness rates... done.
--loop-cats: 1 category present.
--loop-cats: Processing category 'AFR' (755 samples).
Calculating allele frequencies... done.
--freq counts: Allele counts (founders only) written to
results/FINAL/SUPER/ALL_TNF.AFR.acount .
--missing: Sample missing data report written to
results/FINAL/SUPER/ALL_TNF.AFR.smiss .
--missing: Variant missing data report written to
results/FINAL/SUPER/ALL_TNF.AFR.vmiss .
--hardy midp: Autosomal Hardy-Weinberg report (founders only) written to
results/FINAL/SUPER/ALL_TNF.AFR.hardy .

End time: Thu Jul  7 12:25:42 2022
